[32m2023-10-15 14:56:09.783[0;39m [INFO] dynamodb.example.SpringbootDynamodbExampleApplication [restartedMain] Starting SpringbootDynamodbExampleApplication using Java 17.0.4.1 with PID 47326 (/Users/amreshkumar/Documents/workspace-spring-tool/springboot-dynamodb-example/target/classes started by amreshkumar in /Users/amreshkumar/Documents/workspace-spring-tool/springboot-dynamodb-example)
[32m2023-10-15 14:56:09.784[0;39m [INFO] dynamodb.example.SpringbootDynamodbExampleApplication [restartedMain] The following 1 profile is active: "dev"
[32m2023-10-15 14:56:09.803[0;39m [INFO] org.springframework.boot.devtools.env.DevToolsPropertyDefaultsPostProcessor [restartedMain] Devtools property defaults active! Set 'spring.devtools.add-properties' to 'false' to disable
[32m2023-10-15 14:56:09.803[0;39m [INFO] org.springframework.boot.devtools.env.DevToolsPropertyDefaultsPostProcessor [restartedMain] For additional web related logging consider setting the 'logging.level.web' property to 'DEBUG'
[32m2023-10-15 14:56:10.133[0;39m [INFO] org.springframework.boot.web.embedded.tomcat.TomcatWebServer [restartedMain] Tomcat initialized with port(s): 8090 (http)
[32m2023-10-15 14:56:10.138[0;39m [INFO] org.apache.catalina.core.StandardService [restartedMain] Starting service [Tomcat]
[32m2023-10-15 14:56:10.138[0;39m [INFO] org.apache.catalina.core.StandardEngine [restartedMain] Starting Servlet engine: [Apache Tomcat/10.1.13]
[32m2023-10-15 14:56:10.161[0;39m [INFO] org.apache.catalina.core.ContainerBase.[Tomcat].[localhost].[/] [restartedMain] Initializing Spring embedded WebApplicationContext
[32m2023-10-15 14:56:10.161[0;39m [INFO] org.springframework.boot.web.servlet.context.ServletWebServerApplicationContext [restartedMain] Root WebApplicationContext: initialization completed in 358 ms
[32m2023-10-15 14:56:10.189[0;39m [WARN] org.springframework.boot.web.servlet.context.AnnotationConfigServletWebServerApplicationContext [restartedMain] Exception encountered during context initialization - cancelling refresh attempt: org.springframework.beans.factory.UnsatisfiedDependencyException: Error creating bean with name 'employeeController': Unsatisfied dependency expressed through field 'employeeServiceImpl': Error creating bean with name 'employeeServiceImpl': Unsatisfied dependency expressed through field 'employeeRepository': Error creating bean with name 'employeeRepository': Unsatisfied dependency expressed through field 'dynamoDBMapper': Error creating bean with name 'mapper' defined in class path resource [dynamodb/example/config/DynamoDbConfiguration.class]: Failed to instantiate [com.amazonaws.services.dynamodbv2.datamodeling.DynamoDBMapper]: Factory method 'mapper' threw exception with message: Unresolved compilation problems: 
	AwsClientBuilder cannot be resolved to a type
	AWSStaticCredentialsProvider cannot be resolved to a type
	BasicAWSCredentials cannot be resolved to a type

[32m2023-10-15 14:56:10.190[0;39m [INFO] org.apache.catalina.core.StandardService [restartedMain] Stopping service [Tomcat]
[32m2023-10-15 14:56:10.196[0;39m [INFO] org.springframework.boot.autoconfigure.logging.ConditionEvaluationReportLogger [restartedMain] 

Error starting ApplicationContext. To display the condition evaluation report re-run your application with 'debug' enabled.
[32m2023-10-15 14:56:10.205[0;39m [ERROR] org.springframework.boot.SpringApplication [restartedMain] Application run failed
org.springframework.beans.factory.UnsatisfiedDependencyException: Error creating bean with name 'employeeController': Unsatisfied dependency expressed through field 'employeeServiceImpl': Error creating bean with name 'employeeServiceImpl': Unsatisfied dependency expressed through field 'employeeRepository': Error creating bean with name 'employeeRepository': Unsatisfied dependency expressed through field 'dynamoDBMapper': Error creating bean with name 'mapper' defined in class path resource [dynamodb/example/config/DynamoDbConfiguration.class]: Failed to instantiate [com.amazonaws.services.dynamodbv2.datamodeling.DynamoDBMapper]: Factory method 'mapper' threw exception with message: Unresolved compilation problems: 
	AwsClientBuilder cannot be resolved to a type
	AWSStaticCredentialsProvider cannot be resolved to a type
	BasicAWSCredentials cannot be resolved to a type

	at org.springframework.beans.factory.annotation.AutowiredAnnotationBeanPostProcessor$AutowiredFieldElement.resolveFieldValue(AutowiredAnnotationBeanPostProcessor.java:767)
	at org.springframework.beans.factory.annotation.AutowiredAnnotationBeanPostProcessor$AutowiredFieldElement.inject(AutowiredAnnotationBeanPostProcessor.java:747)
	at org.springframework.beans.factory.annotation.InjectionMetadata.inject(InjectionMetadata.java:145)
	at org.springframework.beans.factory.annotation.AutowiredAnnotationBeanPostProcessor.postProcessProperties(AutowiredAnnotationBeanPostProcessor.java:492)
	at org.springframework.beans.factory.support.AbstractAutowireCapableBeanFactory.populateBean(AbstractAutowireCapableBeanFactory.java:1416)
	at org.springframework.beans.factory.support.AbstractAutowireCapableBeanFactory.doCreateBean(AbstractAutowireCapableBeanFactory.java:597)
	at org.springframework.beans.factory.support.AbstractAutowireCapableBeanFactory.createBean(AbstractAutowireCapableBeanFactory.java:520)
	at org.springframework.beans.factory.support.AbstractBeanFactory.lambda$doGetBean$0(AbstractBeanFactory.java:325)
	at org.springframework.beans.factory.support.DefaultSingletonBeanRegistry.getSingleton(DefaultSingletonBeanRegistry.java:234)
	at org.springframework.beans.factory.support.AbstractBeanFactory.doGetBean(AbstractBeanFactory.java:323)
	at org.springframework.beans.factory.support.AbstractBeanFactory.getBean(AbstractBeanFactory.java:199)
	at org.springframework.beans.factory.support.DefaultListableBeanFactory.preInstantiateSingletons(DefaultListableBeanFactory.java:973)
	at org.springframework.context.support.AbstractApplicationContext.finishBeanFactoryInitialization(AbstractApplicationContext.java:942)
	at org.springframework.context.support.AbstractApplicationContext.refresh(AbstractApplicationContext.java:608)
	at org.springframework.boot.web.servlet.context.ServletWebServerApplicationContext.refresh(ServletWebServerApplicationContext.java:146)
	at org.springframework.boot.SpringApplication.refresh(SpringApplication.java:737)
	at org.springframework.boot.SpringApplication.refreshContext(SpringApplication.java:439)
	at org.springframework.boot.SpringApplication.run(SpringApplication.java:315)
	at org.springframework.boot.SpringApplication.run(SpringApplication.java:1309)
	at org.springframework.boot.SpringApplication.run(SpringApplication.java:1298)
	at dynamodb.example.SpringbootDynamodbExampleApplication.main(SpringbootDynamodbExampleApplication.java:10)
	at java.base/jdk.internal.reflect.NativeMethodAccessorImpl.invoke0(Native Method)
	at java.base/jdk.internal.reflect.NativeMethodAccessorImpl.invoke(NativeMethodAccessorImpl.java:77)
	at java.base/jdk.internal.reflect.DelegatingMethodAccessorImpl.invoke(DelegatingMethodAccessorImpl.java:43)
	at java.base/java.lang.reflect.Method.invoke(Method.java:568)
	at org.springframework.boot.devtools.restart.RestartLauncher.run(RestartLauncher.java:50)
Caused by: org.springframework.beans.factory.UnsatisfiedDependencyException: Error creating bean with name 'employeeServiceImpl': Unsatisfied dependency expressed through field 'employeeRepository': Error creating bean with name 'employeeRepository': Unsatisfied dependency expressed through field 'dynamoDBMapper': Error creating bean with name 'mapper' defined in class path resource [dynamodb/example/config/DynamoDbConfiguration.class]: Failed to instantiate [com.amazonaws.services.dynamodbv2.datamodeling.DynamoDBMapper]: Factory method 'mapper' threw exception with message: Unresolved compilation problems: 
	AwsClientBuilder cannot be resolved to a type
	AWSStaticCredentialsProvider cannot be resolved to a type
	BasicAWSCredentials cannot be resolved to a type

	at org.springframework.beans.factory.annotation.AutowiredAnnotationBeanPostProcessor$AutowiredFieldElement.resolveFieldValue(AutowiredAnnotationBeanPostProcessor.java:767)
	at org.springframework.beans.factory.annotation.AutowiredAnnotationBeanPostProcessor$AutowiredFieldElement.inject(AutowiredAnnotationBeanPostProcessor.java:747)
	at org.springframework.beans.factory.annotation.InjectionMetadata.inject(InjectionMetadata.java:145)
	at org.springframework.beans.factory.annotation.AutowiredAnnotationBeanPostProcessor.postProcessProperties(AutowiredAnnotationBeanPostProcessor.java:492)
	at org.springframework.beans.factory.support.AbstractAutowireCapableBeanFactory.populateBean(AbstractAutowireCapableBeanFactory.java:1416)
	at org.springframework.beans.factory.support.AbstractAutowireCapableBeanFactory.doCreateBean(AbstractAutowireCapableBeanFactory.java:597)
	at org.springframework.beans.factory.support.AbstractAutowireCapableBeanFactory.createBean(AbstractAutowireCapableBeanFactory.java:520)
	at org.springframework.beans.factory.support.AbstractBeanFactory.lambda$doGetBean$0(AbstractBeanFactory.java:325)
	at org.springframework.beans.factory.support.DefaultSingletonBeanRegistry.getSingleton(DefaultSingletonBeanRegistry.java:234)
	at org.springframework.beans.factory.support.AbstractBeanFactory.doGetBean(AbstractBeanFactory.java:323)
	at org.springframework.beans.factory.support.AbstractBeanFactory.getBean(AbstractBeanFactory.java:199)
	at org.springframework.beans.factory.config.DependencyDescriptor.resolveCandidate(DependencyDescriptor.java:254)
	at org.springframework.beans.factory.support.DefaultListableBeanFactory.doResolveDependency(DefaultListableBeanFactory.java:1417)
	at org.springframework.beans.factory.support.DefaultListableBeanFactory.resolveDependency(DefaultListableBeanFactory.java:1337)
	at org.springframework.beans.factory.annotation.AutowiredAnnotationBeanPostProcessor$AutowiredFieldElement.resolveFieldValue(AutowiredAnnotationBeanPostProcessor.java:764)
	... 25 common frames omitted
Caused by: org.springframework.beans.factory.UnsatisfiedDependencyException: Error creating bean with name 'employeeRepository': Unsatisfied dependency expressed through field 'dynamoDBMapper': Error creating bean with name 'mapper' defined in class path resource [dynamodb/example/config/DynamoDbConfiguration.class]: Failed to instantiate [com.amazonaws.services.dynamodbv2.datamodeling.DynamoDBMapper]: Factory method 'mapper' threw exception with message: Unresolved compilation problems: 
	AwsClientBuilder cannot be resolved to a type
	AWSStaticCredentialsProvider cannot be resolved to a type
	BasicAWSCredentials cannot be resolved to a type

	at org.springframework.beans.factory.annotation.AutowiredAnnotationBeanPostProcessor$AutowiredFieldElement.resolveFieldValue(AutowiredAnnotationBeanPostProcessor.java:767)
	at org.springframework.beans.factory.annotation.AutowiredAnnotationBeanPostProcessor$AutowiredFieldElement.inject(AutowiredAnnotationBeanPostProcessor.java:747)
	at org.springframework.beans.factory.annotation.InjectionMetadata.inject(InjectionMetadata.java:145)
	at org.springframework.beans.factory.annotation.AutowiredAnnotationBeanPostProcessor.postProcessProperties(AutowiredAnnotationBeanPostProcessor.java:492)
	at org.springframework.beans.factory.support.AbstractAutowireCapableBeanFactory.populateBean(AbstractAutowireCapableBeanFactory.java:1416)
	at org.springframework.beans.factory.support.AbstractAutowireCapableBeanFactory.doCreateBean(AbstractAutowireCapableBeanFactory.java:597)
	at org.springframework.beans.factory.support.AbstractAutowireCapableBeanFactory.createBean(AbstractAutowireCapableBeanFactory.java:520)
	at org.springframework.beans.factory.support.AbstractBeanFactory.lambda$doGetBean$0(AbstractBeanFactory.java:325)
	at org.springframework.beans.factory.support.DefaultSingletonBeanRegistry.getSingleton(DefaultSingletonBeanRegistry.java:234)
	at org.springframework.beans.factory.support.AbstractBeanFactory.doGetBean(AbstractBeanFactory.java:323)
	at org.springframework.beans.factory.support.AbstractBeanFactory.getBean(AbstractBeanFactory.java:199)
	at org.springframework.beans.factory.config.DependencyDescriptor.resolveCandidate(DependencyDescriptor.java:254)
	at org.springframework.beans.factory.support.DefaultListableBeanFactory.doResolveDependency(DefaultListableBeanFactory.java:1417)
	at org.springframework.beans.factory.support.DefaultListableBeanFactory.resolveDependency(DefaultListableBeanFactory.java:1337)
	at org.springframework.beans.factory.annotation.AutowiredAnnotationBeanPostProcessor$AutowiredFieldElement.resolveFieldValue(AutowiredAnnotationBeanPostProcessor.java:764)
	... 39 common frames omitted
Caused by: org.springframework.beans.factory.BeanCreationException: Error creating bean with name 'mapper' defined in class path resource [dynamodb/example/config/DynamoDbConfiguration.class]: Failed to instantiate [com.amazonaws.services.dynamodbv2.datamodeling.DynamoDBMapper]: Factory method 'mapper' threw exception with message: Unresolved compilation problems: 
	AwsClientBuilder cannot be resolved to a type
	AWSStaticCredentialsProvider cannot be resolved to a type
	BasicAWSCredentials cannot be resolved to a type

	at org.springframework.beans.factory.support.ConstructorResolver.instantiate(ConstructorResolver.java:654)
	at org.springframework.beans.factory.support.ConstructorResolver.instantiateUsingFactoryMethod(ConstructorResolver.java:488)
	at org.springframework.beans.factory.support.AbstractAutowireCapableBeanFactory.instantiateUsingFactoryMethod(AbstractAutowireCapableBeanFactory.java:1332)
	at org.springframework.beans.factory.support.AbstractAutowireCapableBeanFactory.createBeanInstance(AbstractAutowireCapableBeanFactory.java:1162)
	at org.springframework.beans.factory.support.AbstractAutowireCapableBeanFactory.doCreateBean(AbstractAutowireCapableBeanFactory.java:560)
	at org.springframework.beans.factory.support.AbstractAutowireCapableBeanFactory.createBean(AbstractAutowireCapableBeanFactory.java:520)
	at org.springframework.beans.factory.support.AbstractBeanFactory.lambda$doGetBean$0(AbstractBeanFactory.java:325)
	at org.springframework.beans.factory.support.DefaultSingletonBeanRegistry.getSingleton(DefaultSingletonBeanRegistry.java:234)
	at org.springframework.beans.factory.support.AbstractBeanFactory.doGetBean(AbstractBeanFactory.java:323)
	at org.springframework.beans.factory.support.AbstractBeanFactory.getBean(AbstractBeanFactory.java:199)
	at org.springframework.beans.factory.config.DependencyDescriptor.resolveCandidate(DependencyDescriptor.java:254)
	at org.springframework.beans.factory.support.DefaultListableBeanFactory.doResolveDependency(DefaultListableBeanFactory.java:1417)
	at org.springframework.beans.factory.support.DefaultListableBeanFactory.resolveDependency(DefaultListableBeanFactory.java:1337)
	at org.springframework.beans.factory.annotation.AutowiredAnnotationBeanPostProcessor$AutowiredFieldElement.resolveFieldValue(AutowiredAnnotationBeanPostProcessor.java:764)
	... 53 common frames omitted
Caused by: org.springframework.beans.BeanInstantiationException: Failed to instantiate [com.amazonaws.services.dynamodbv2.datamodeling.DynamoDBMapper]: Factory method 'mapper' threw exception with message: Unresolved compilation problems: 
	AwsClientBuilder cannot be resolved to a type
	AWSStaticCredentialsProvider cannot be resolved to a type
	BasicAWSCredentials cannot be resolved to a type

	at org.springframework.beans.factory.support.SimpleInstantiationStrategy.instantiate(SimpleInstantiationStrategy.java:171)
	at org.springframework.beans.factory.support.ConstructorResolver.instantiate(ConstructorResolver.java:650)
	... 66 common frames omitted
Caused by: java.lang.Error: Unresolved compilation problems: 
	AwsClientBuilder cannot be resolved to a type
	AWSStaticCredentialsProvider cannot be resolved to a type
	BasicAWSCredentials cannot be resolved to a type

	at dynamodb.example.config.DynamoDbConfiguration.amazonDynamoDBConfig(DynamoDbConfiguration.java:42)
	at dynamodb.example.config.DynamoDbConfiguration.mapper(DynamoDbConfiguration.java:36)
	at dynamodb.example.config.DynamoDbConfiguration$$SpringCGLIB$$0.CGLIB$mapper$0(<generated>)
	at dynamodb.example.config.DynamoDbConfiguration$$SpringCGLIB$$2.invoke(<generated>)
	at org.springframework.cglib.proxy.MethodProxy.invokeSuper(MethodProxy.java:258)
	at org.springframework.context.annotation.ConfigurationClassEnhancer$BeanMethodInterceptor.intercept(ConfigurationClassEnhancer.java:331)
	at dynamodb.example.config.DynamoDbConfiguration$$SpringCGLIB$$0.mapper(<generated>)
	at java.base/jdk.internal.reflect.NativeMethodAccessorImpl.invoke0(Native Method)
	at java.base/jdk.internal.reflect.NativeMethodAccessorImpl.invoke(NativeMethodAccessorImpl.java:77)
	at java.base/jdk.internal.reflect.DelegatingMethodAccessorImpl.invoke(DelegatingMethodAccessorImpl.java:43)
	at java.base/java.lang.reflect.Method.invoke(Method.java:568)
	at org.springframework.beans.factory.support.SimpleInstantiationStrategy.instantiate(SimpleInstantiationStrategy.java:139)
	... 67 common frames omitted
[32m2023-10-15 14:57:33.732[0;39m [INFO] dynamodb.example.SpringbootDynamodbExampleApplication [restartedMain] Starting SpringbootDynamodbExampleApplication using Java 17.0.4.1 with PID 47350 (/Users/amreshkumar/Documents/workspace-spring-tool/springboot-dynamodb-example/target/classes started by amreshkumar in /Users/amreshkumar/Documents/workspace-spring-tool/springboot-dynamodb-example)
[32m2023-10-15 14:57:33.733[0;39m [INFO] dynamodb.example.SpringbootDynamodbExampleApplication [restartedMain] The following 1 profile is active: "dev"
[32m2023-10-15 14:57:33.753[0;39m [INFO] org.springframework.boot.devtools.env.DevToolsPropertyDefaultsPostProcessor [restartedMain] Devtools property defaults active! Set 'spring.devtools.add-properties' to 'false' to disable
[32m2023-10-15 14:57:33.754[0;39m [INFO] org.springframework.boot.devtools.env.DevToolsPropertyDefaultsPostProcessor [restartedMain] For additional web related logging consider setting the 'logging.level.web' property to 'DEBUG'
[32m2023-10-15 14:57:34.104[0;39m [INFO] org.springframework.boot.web.embedded.tomcat.TomcatWebServer [restartedMain] Tomcat initialized with port(s): 8090 (http)
[32m2023-10-15 14:57:34.113[0;39m [INFO] org.apache.catalina.core.StandardService [restartedMain] Starting service [Tomcat]
[32m2023-10-15 14:57:34.113[0;39m [INFO] org.apache.catalina.core.StandardEngine [restartedMain] Starting Servlet engine: [Apache Tomcat/10.1.13]
[32m2023-10-15 14:57:34.152[0;39m [INFO] org.apache.catalina.core.ContainerBase.[Tomcat].[localhost].[/] [restartedMain] Initializing Spring embedded WebApplicationContext
[32m2023-10-15 14:57:34.152[0;39m [INFO] org.springframework.boot.web.servlet.context.ServletWebServerApplicationContext [restartedMain] Root WebApplicationContext: initialization completed in 398 ms
[32m2023-10-15 14:57:34.181[0;39m [INFO] dynamodb.example.config.DynamoDbConfiguration [restartedMain] An INFO Message
[32m2023-10-15 14:57:34.181[0;39m [WARN] dynamodb.example.config.DynamoDbConfiguration [restartedMain] A WARN Message
[32m2023-10-15 14:57:34.181[0;39m [ERROR] dynamodb.example.config.DynamoDbConfiguration [restartedMain] An ERROR Message
[32m2023-10-15 14:57:34.486[0;39m [INFO] org.springframework.boot.devtools.autoconfigure.OptionalLiveReloadServer [restartedMain] LiveReload server is running on port 35729
[32m2023-10-15 14:57:34.497[0;39m [INFO] org.springframework.boot.web.embedded.tomcat.TomcatWebServer [restartedMain] Tomcat started on port(s): 8090 (http) with context path ''
[32m2023-10-15 14:57:34.502[0;39m [INFO] dynamodb.example.SpringbootDynamodbExampleApplication [restartedMain] Started SpringbootDynamodbExampleApplication in 0.921 seconds (process running for 1.222)
[32m2023-10-15 15:11:27.137[0;39m [INFO] org.apache.catalina.core.ContainerBase.[Tomcat].[localhost].[/] [http-nio-8090-exec-2] Initializing Spring DispatcherServlet 'dispatcherServlet'
[32m2023-10-15 15:11:27.141[0;39m [INFO] org.springframework.web.servlet.DispatcherServlet [http-nio-8090-exec-2] Initializing Servlet 'dispatcherServlet'
[32m2023-10-15 15:11:27.155[0;39m [INFO] org.springframework.web.servlet.DispatcherServlet [http-nio-8090-exec-2] Completed initialization in 14 ms
[32m2023-10-15 15:12:49.285[0;39m [INFO] org.springframework.boot.admin.SpringApplicationAdminMXBeanRegistrar$SpringApplicationAdmin [RMI TCP Connection(17)-127.0.0.1] Application shutdown requested.
[32m2023-10-15 15:12:49.296[0;39m [INFO] org.apache.catalina.core.StandardService [RMI TCP Connection(17)-127.0.0.1] Stopping service [Tomcat]
[32m2023-10-15 15:12:49.297[0;39m [INFO] org.apache.catalina.core.ContainerBase.[Tomcat].[localhost].[/] [RMI TCP Connection(17)-127.0.0.1] Destroying Spring FrameworkServlet 'dispatcherServlet'
[32m2023-10-15 15:12:59.006[0;39m [INFO] dynamodb.example.SpringbootDynamodbExampleApplication [restartedMain] Starting SpringbootDynamodbExampleApplication using Java 17.0.4.1 with PID 47818 (/Users/amreshkumar/Documents/workspace-spring-tool/springboot-dynamodb-example/target/classes started by amreshkumar in /Users/amreshkumar/Documents/workspace-spring-tool/springboot-dynamodb-example)
[32m2023-10-15 15:12:59.007[0;39m [INFO] dynamodb.example.SpringbootDynamodbExampleApplication [restartedMain] The following 1 profile is active: "dev"
[32m2023-10-15 15:12:59.027[0;39m [INFO] org.springframework.boot.devtools.env.DevToolsPropertyDefaultsPostProcessor [restartedMain] Devtools property defaults active! Set 'spring.devtools.add-properties' to 'false' to disable
[32m2023-10-15 15:12:59.027[0;39m [INFO] org.springframework.boot.devtools.env.DevToolsPropertyDefaultsPostProcessor [restartedMain] For additional web related logging consider setting the 'logging.level.web' property to 'DEBUG'
[32m2023-10-15 15:12:59.381[0;39m [INFO] org.springframework.boot.web.embedded.tomcat.TomcatWebServer [restartedMain] Tomcat initialized with port(s): 8090 (http)
[32m2023-10-15 15:12:59.385[0;39m [INFO] org.apache.catalina.core.StandardService [restartedMain] Starting service [Tomcat]
[32m2023-10-15 15:12:59.386[0;39m [INFO] org.apache.catalina.core.StandardEngine [restartedMain] Starting Servlet engine: [Apache Tomcat/10.1.13]
[32m2023-10-15 15:12:59.410[0;39m [INFO] org.apache.catalina.core.ContainerBase.[Tomcat].[localhost].[/] [restartedMain] Initializing Spring embedded WebApplicationContext
[32m2023-10-15 15:12:59.410[0;39m [INFO] org.springframework.boot.web.servlet.context.ServletWebServerApplicationContext [restartedMain] Root WebApplicationContext: initialization completed in 382 ms
[32m2023-10-15 15:12:59.760[0;39m [INFO] org.springframework.boot.devtools.autoconfigure.OptionalLiveReloadServer [restartedMain] LiveReload server is running on port 35729
[32m2023-10-15 15:12:59.771[0;39m [INFO] org.springframework.boot.web.embedded.tomcat.TomcatWebServer [restartedMain] Tomcat started on port(s): 8090 (http) with context path ''
[32m2023-10-15 15:12:59.776[0;39m [INFO] dynamodb.example.SpringbootDynamodbExampleApplication [restartedMain] Started SpringbootDynamodbExampleApplication in 0.927 seconds (process running for 1.476)
[32m2023-10-15 15:13:07.304[0;39m [INFO] org.apache.catalina.core.ContainerBase.[Tomcat].[localhost].[/] [http-nio-8090-exec-1] Initializing Spring DispatcherServlet 'dispatcherServlet'
[32m2023-10-15 15:13:07.305[0;39m [INFO] org.springframework.web.servlet.DispatcherServlet [http-nio-8090-exec-1] Initializing Servlet 'dispatcherServlet'
[32m2023-10-15 15:13:07.307[0;39m [INFO] org.springframework.web.servlet.DispatcherServlet [http-nio-8090-exec-1] Completed initialization in 2 ms
[32m2023-10-15 15:13:26.326[0;39m [ERROR] dynamodb.example.serviceImpl.EmployeeServiceImpl [http-nio-8090-exec-1] 
[32m2023-10-15 15:13:53.537[0;39m [INFO] org.springframework.boot.admin.SpringApplicationAdminMXBeanRegistrar$SpringApplicationAdmin [RMI TCP Connection(4)-127.0.0.1] Application shutdown requested.
[32m2023-10-15 15:13:53.623[0;39m [INFO] org.apache.catalina.core.StandardService [RMI TCP Connection(4)-127.0.0.1] Stopping service [Tomcat]
[32m2023-10-15 15:13:53.633[0;39m [INFO] org.apache.catalina.core.ContainerBase.[Tomcat].[localhost].[/] [RMI TCP Connection(4)-127.0.0.1] Destroying Spring FrameworkServlet 'dispatcherServlet'
[32m2023-10-15 15:13:58.681[0;39m [INFO] dynamodb.example.SpringbootDynamodbExampleApplication [restartedMain] Starting SpringbootDynamodbExampleApplication using Java 17.0.4.1 with PID 47845 (/Users/amreshkumar/Documents/workspace-spring-tool/springboot-dynamodb-example/target/classes started by amreshkumar in /Users/amreshkumar/Documents/workspace-spring-tool/springboot-dynamodb-example)
[32m2023-10-15 15:13:58.683[0;39m [INFO] dynamodb.example.SpringbootDynamodbExampleApplication [restartedMain] The following 1 profile is active: "dev"
[32m2023-10-15 15:13:58.703[0;39m [INFO] org.springframework.boot.devtools.env.DevToolsPropertyDefaultsPostProcessor [restartedMain] Devtools property defaults active! Set 'spring.devtools.add-properties' to 'false' to disable
[32m2023-10-15 15:13:58.703[0;39m [INFO] org.springframework.boot.devtools.env.DevToolsPropertyDefaultsPostProcessor [restartedMain] For additional web related logging consider setting the 'logging.level.web' property to 'DEBUG'
[32m2023-10-15 15:13:59.018[0;39m [INFO] org.springframework.boot.web.embedded.tomcat.TomcatWebServer [restartedMain] Tomcat initialized with port(s): 8090 (http)
[32m2023-10-15 15:13:59.022[0;39m [INFO] org.apache.catalina.core.StandardService [restartedMain] Starting service [Tomcat]
[32m2023-10-15 15:13:59.022[0;39m [INFO] org.apache.catalina.core.StandardEngine [restartedMain] Starting Servlet engine: [Apache Tomcat/10.1.13]
[32m2023-10-15 15:13:59.046[0;39m [INFO] org.apache.catalina.core.ContainerBase.[Tomcat].[localhost].[/] [restartedMain] Initializing Spring embedded WebApplicationContext
[32m2023-10-15 15:13:59.046[0;39m [INFO] org.springframework.boot.web.servlet.context.ServletWebServerApplicationContext [restartedMain] Root WebApplicationContext: initialization completed in 343 ms
[32m2023-10-15 15:13:59.343[0;39m [INFO] org.springframework.boot.devtools.autoconfigure.OptionalLiveReloadServer [restartedMain] LiveReload server is running on port 35729
[32m2023-10-15 15:13:59.354[0;39m [INFO] org.springframework.boot.web.embedded.tomcat.TomcatWebServer [restartedMain] Tomcat started on port(s): 8090 (http) with context path ''
[32m2023-10-15 15:13:59.359[0;39m [INFO] dynamodb.example.SpringbootDynamodbExampleApplication [restartedMain] Started SpringbootDynamodbExampleApplication in 0.832 seconds (process running for 1.151)
[32m2023-10-15 15:14:03.938[0;39m [INFO] org.apache.catalina.core.ContainerBase.[Tomcat].[localhost].[/] [http-nio-8090-exec-2] Initializing Spring DispatcherServlet 'dispatcherServlet'
[32m2023-10-15 15:14:03.939[0;39m [INFO] org.springframework.web.servlet.DispatcherServlet [http-nio-8090-exec-2] Initializing Servlet 'dispatcherServlet'
[32m2023-10-15 15:14:03.940[0;39m [INFO] org.springframework.web.servlet.DispatcherServlet [http-nio-8090-exec-2] Completed initialization in 1 ms
[32m2023-10-15 15:14:22.465[0;39m [ERROR] dynamodb.example.serviceImpl.EmployeeServiceImpl [http-nio-8090-exec-2] 
[32m2023-10-15 15:33:25.902[0;39m [INFO] org.springframework.boot.admin.SpringApplicationAdminMXBeanRegistrar$SpringApplicationAdmin [RMI TCP Connection(23)-127.0.0.1] Application shutdown requested.
[32m2023-10-15 15:33:25.932[0;39m [INFO] org.apache.catalina.core.StandardService [RMI TCP Connection(23)-127.0.0.1] Stopping service [Tomcat]
[32m2023-10-15 15:33:25.935[0;39m [INFO] org.apache.catalina.core.ContainerBase.[Tomcat].[localhost].[/] [RMI TCP Connection(23)-127.0.0.1] Destroying Spring FrameworkServlet 'dispatcherServlet'
[32m2023-10-15 15:33:33.271[0;39m [INFO] dynamodb.example.SpringbootDynamodbExampleApplication [restartedMain] Starting SpringbootDynamodbExampleApplication using Java 17.0.4.1 with PID 48867 (/Users/amreshkumar/Documents/workspace-spring-tool/springboot-dynamodb-example/target/classes started by amreshkumar in /Users/amreshkumar/Documents/workspace-spring-tool/springboot-dynamodb-example)
[32m2023-10-15 15:33:33.272[0;39m [INFO] dynamodb.example.SpringbootDynamodbExampleApplication [restartedMain] The following 1 profile is active: "dev"
[32m2023-10-15 15:33:33.293[0;39m [INFO] org.springframework.boot.devtools.env.DevToolsPropertyDefaultsPostProcessor [restartedMain] Devtools property defaults active! Set 'spring.devtools.add-properties' to 'false' to disable
[32m2023-10-15 15:33:33.294[0;39m [INFO] org.springframework.boot.devtools.env.DevToolsPropertyDefaultsPostProcessor [restartedMain] For additional web related logging consider setting the 'logging.level.web' property to 'DEBUG'
[32m2023-10-15 15:33:33.664[0;39m [INFO] org.springframework.boot.web.embedded.tomcat.TomcatWebServer [restartedMain] Tomcat initialized with port(s): 8090 (http)
[32m2023-10-15 15:33:33.668[0;39m [INFO] org.apache.catalina.core.StandardService [restartedMain] Starting service [Tomcat]
[32m2023-10-15 15:33:33.669[0;39m [INFO] org.apache.catalina.core.StandardEngine [restartedMain] Starting Servlet engine: [Apache Tomcat/10.1.13]
[32m2023-10-15 15:33:33.694[0;39m [INFO] org.apache.catalina.core.ContainerBase.[Tomcat].[localhost].[/] [restartedMain] Initializing Spring embedded WebApplicationContext
[32m2023-10-15 15:33:33.694[0;39m [INFO] org.springframework.boot.web.servlet.context.ServletWebServerApplicationContext [restartedMain] Root WebApplicationContext: initialization completed in 400 ms
[32m2023-10-15 15:33:34.099[0;39m [INFO] org.springframework.boot.devtools.autoconfigure.OptionalLiveReloadServer [restartedMain] LiveReload server is running on port 35729
[32m2023-10-15 15:33:34.111[0;39m [INFO] org.springframework.boot.web.embedded.tomcat.TomcatWebServer [restartedMain] Tomcat started on port(s): 8090 (http) with context path ''
[32m2023-10-15 15:33:34.116[0;39m [INFO] dynamodb.example.SpringbootDynamodbExampleApplication [restartedMain] Started SpringbootDynamodbExampleApplication in 1.0 seconds (process running for 1.623)
[32m2023-10-15 15:33:41.349[0;39m [INFO] org.apache.catalina.core.ContainerBase.[Tomcat].[localhost].[/] [http-nio-8090-exec-2] Initializing Spring DispatcherServlet 'dispatcherServlet'
[32m2023-10-15 15:33:41.350[0;39m [INFO] org.springframework.web.servlet.DispatcherServlet [http-nio-8090-exec-2] Initializing Servlet 'dispatcherServlet'
[32m2023-10-15 15:33:41.352[0;39m [INFO] org.springframework.web.servlet.DispatcherServlet [http-nio-8090-exec-2] Completed initialization in 2 ms
[32m2023-10-15 15:34:03.469[0;39m [WARN] org.springframework.web.servlet.mvc.annotation.ResponseStatusExceptionResolver [http-nio-8090-exec-2] Resolved [org.springframework.web.server.ResponseStatusException: 500 INTERNAL_SERVER_ERROR "Unable to execute HTTP request: Connect to localhost:8000 [localhost/127.0.0.1, localhost/0:0:0:0:0:0:0:1] failed: Connection refused"]
[32m2023-10-15 15:34:50.121[0;39m [INFO] org.springframework.boot.admin.SpringApplicationAdminMXBeanRegistrar$SpringApplicationAdmin [RMI TCP Connection(5)-127.0.0.1] Application shutdown requested.
[32m2023-10-15 15:34:50.132[0;39m [INFO] org.apache.catalina.core.StandardService [RMI TCP Connection(5)-127.0.0.1] Stopping service [Tomcat]
[32m2023-10-15 15:34:50.134[0;39m [INFO] org.apache.catalina.core.ContainerBase.[Tomcat].[localhost].[/] [RMI TCP Connection(5)-127.0.0.1] Destroying Spring FrameworkServlet 'dispatcherServlet'
[32m2023-10-15 15:35:00.176[0;39m [INFO] dynamodb.example.SpringbootDynamodbExampleApplication [restartedMain] Starting SpringbootDynamodbExampleApplication using Java 17.0.4.1 with PID 48905 (/Users/amreshkumar/Documents/workspace-spring-tool/springboot-dynamodb-example/target/classes started by amreshkumar in /Users/amreshkumar/Documents/workspace-spring-tool/springboot-dynamodb-example)
[32m2023-10-15 15:35:00.176[0;39m [INFO] dynamodb.example.SpringbootDynamodbExampleApplication [restartedMain] The following 1 profile is active: "dev"
[32m2023-10-15 15:35:00.198[0;39m [INFO] org.springframework.boot.devtools.env.DevToolsPropertyDefaultsPostProcessor [restartedMain] Devtools property defaults active! Set 'spring.devtools.add-properties' to 'false' to disable
[32m2023-10-15 15:35:00.198[0;39m [INFO] org.springframework.boot.devtools.env.DevToolsPropertyDefaultsPostProcessor [restartedMain] For additional web related logging consider setting the 'logging.level.web' property to 'DEBUG'
[32m2023-10-15 15:35:00.591[0;39m [INFO] org.springframework.boot.web.embedded.tomcat.TomcatWebServer [restartedMain] Tomcat initialized with port(s): 8090 (http)
[32m2023-10-15 15:35:00.596[0;39m [INFO] org.apache.catalina.core.StandardService [restartedMain] Starting service [Tomcat]
[32m2023-10-15 15:35:00.596[0;39m [INFO] org.apache.catalina.core.StandardEngine [restartedMain] Starting Servlet engine: [Apache Tomcat/10.1.13]
[32m2023-10-15 15:35:00.630[0;39m [INFO] org.apache.catalina.core.ContainerBase.[Tomcat].[localhost].[/] [restartedMain] Initializing Spring embedded WebApplicationContext
[32m2023-10-15 15:35:00.631[0;39m [INFO] org.springframework.boot.web.servlet.context.ServletWebServerApplicationContext [restartedMain] Root WebApplicationContext: initialization completed in 433 ms
[32m2023-10-15 15:35:00.981[0;39m [INFO] org.springframework.boot.devtools.autoconfigure.OptionalLiveReloadServer [restartedMain] LiveReload server is running on port 35729
[32m2023-10-15 15:35:00.994[0;39m [INFO] org.springframework.boot.web.embedded.tomcat.TomcatWebServer [restartedMain] Tomcat started on port(s): 8090 (http) with context path ''
[32m2023-10-15 15:35:00.999[0;39m [INFO] dynamodb.example.SpringbootDynamodbExampleApplication [restartedMain] Started SpringbootDynamodbExampleApplication in 1.007 seconds (process running for 2.572)
[32m2023-10-15 15:35:10.346[0;39m [INFO] org.apache.catalina.core.ContainerBase.[Tomcat].[localhost].[/] [http-nio-8090-exec-1] Initializing Spring DispatcherServlet 'dispatcherServlet'
[32m2023-10-15 15:35:10.346[0;39m [INFO] org.springframework.web.servlet.DispatcherServlet [http-nio-8090-exec-1] Initializing Servlet 'dispatcherServlet'
[32m2023-10-15 15:35:10.349[0;39m [INFO] org.springframework.web.servlet.DispatcherServlet [http-nio-8090-exec-1] Completed initialization in 3 ms
[32m2023-10-15 15:36:08.948[0;39m [WARN] org.springframework.web.servlet.mvc.annotation.ResponseStatusExceptionResolver [http-nio-8090-exec-1] Resolved [org.springframework.web.server.ResponseStatusException: 500 INTERNAL_SERVER_ERROR "Unable to execute HTTP request: Connect to localhost:8000 [localhost/127.0.0.1, localhost/0:0:0:0:0:0:0:1] failed: Connection refused"]
[32m2023-10-15 15:59:15.600[0;39m [INFO] dynamodb.example.SpringbootDynamodbExampleApplication [restartedMain] Starting SpringbootDynamodbExampleApplication using Java 17.0.4.1 with PID 49369 (/Users/amreshkumar/Documents/workspace-spring-tool/springboot-dynamodb-example/target/classes started by amreshkumar in /Users/amreshkumar/Documents/workspace-spring-tool/springboot-dynamodb-example)
[32m2023-10-15 15:59:15.601[0;39m [INFO] dynamodb.example.SpringbootDynamodbExampleApplication [restartedMain] The following 1 profile is active: "dev"
[32m2023-10-15 15:59:15.624[0;39m [INFO] org.springframework.boot.devtools.env.DevToolsPropertyDefaultsPostProcessor [restartedMain] Devtools property defaults active! Set 'spring.devtools.add-properties' to 'false' to disable
[32m2023-10-15 15:59:15.624[0;39m [INFO] org.springframework.boot.devtools.env.DevToolsPropertyDefaultsPostProcessor [restartedMain] For additional web related logging consider setting the 'logging.level.web' property to 'DEBUG'
[32m2023-10-15 15:59:16.018[0;39m [INFO] org.springframework.boot.web.embedded.tomcat.TomcatWebServer [restartedMain] Tomcat initialized with port(s): 8090 (http)
[32m2023-10-15 15:59:16.023[0;39m [INFO] org.apache.catalina.core.StandardService [restartedMain] Starting service [Tomcat]
[32m2023-10-15 15:59:16.024[0;39m [INFO] org.apache.catalina.core.StandardEngine [restartedMain] Starting Servlet engine: [Apache Tomcat/10.1.13]
[32m2023-10-15 15:59:16.056[0;39m [INFO] org.apache.catalina.core.ContainerBase.[Tomcat].[localhost].[/] [restartedMain] Initializing Spring embedded WebApplicationContext
[32m2023-10-15 15:59:16.056[0;39m [INFO] org.springframework.boot.web.servlet.context.ServletWebServerApplicationContext [restartedMain] Root WebApplicationContext: initialization completed in 432 ms
[32m2023-10-15 15:59:16.401[0;39m [INFO] org.springframework.boot.devtools.autoconfigure.OptionalLiveReloadServer [restartedMain] LiveReload server is running on port 35729
[32m2023-10-15 15:59:16.415[0;39m [INFO] org.springframework.boot.web.embedded.tomcat.TomcatWebServer [restartedMain] Tomcat started on port(s): 8090 (http) with context path ''
[32m2023-10-15 15:59:16.421[0;39m [INFO] dynamodb.example.SpringbootDynamodbExampleApplication [restartedMain] Started SpringbootDynamodbExampleApplication in 1.011 seconds (process running for 1.594)
[32m2023-10-15 15:59:23.747[0;39m [INFO] org.apache.catalina.core.ContainerBase.[Tomcat].[localhost].[/] [http-nio-8090-exec-2] Initializing Spring DispatcherServlet 'dispatcherServlet'
[32m2023-10-15 15:59:23.748[0;39m [INFO] org.springframework.web.servlet.DispatcherServlet [http-nio-8090-exec-2] Initializing Servlet 'dispatcherServlet'
[32m2023-10-15 15:59:23.749[0;39m [INFO] org.springframework.web.servlet.DispatcherServlet [http-nio-8090-exec-2] Completed initialization in 1 ms
[32m2023-10-15 15:59:40.114[0;39m [WARN] org.springframework.web.servlet.mvc.annotation.ResponseStatusExceptionResolver [http-nio-8090-exec-2] Resolved [org.springframework.web.server.ResponseStatusException: 500 INTERNAL_SERVER_ERROR "Unable to execute HTTP request: Connect to localhost:8000 [localhost/127.0.0.1, localhost/0:0:0:0:0:0:0:1] failed: Connection refused"]
[32m2023-10-15 16:00:01.707[0;39m [INFO] org.springframework.boot.admin.SpringApplicationAdminMXBeanRegistrar$SpringApplicationAdmin [RMI TCP Connection(4)-127.0.0.1] Application shutdown requested.
[32m2023-10-15 16:00:01.716[0;39m [INFO] org.apache.catalina.core.StandardService [RMI TCP Connection(4)-127.0.0.1] Stopping service [Tomcat]
[32m2023-10-15 16:00:01.718[0;39m [INFO] org.apache.catalina.core.ContainerBase.[Tomcat].[localhost].[/] [RMI TCP Connection(4)-127.0.0.1] Destroying Spring FrameworkServlet 'dispatcherServlet'
